<?xml version="1.0" encoding="UTF-8"?>
<testsuite name="com.beeete2.zabbix.sender.ZabbixSenderTests" tests="1" skipped="0" failures="0" errors="0" timestamp="2018-02-16T14:36:21" hostname="3ed38e3c05ce" time="2.628">
  <properties/>
  <testcase name="send" classname="com.beeete2.zabbix.sender.ZabbixSenderTests" time="2.628"/>
  <system-out><![CDATA[]]></system-out>
  <system-err><![CDATA[SLF4J: Failed to load class "org.slf4j.impl.StaticLoggerBinder".
SLF4J: Defaulting to no-operation (NOP) logger implementation
SLF4J: See http://www.slf4j.org/codes.html#StaticLoggerBinder for further details.
]]></system-err>
</testsuite>
